<?xml version="1.0" encoding="utf-8"?><testsuites name="pytest tests"><testsuite name="pytest" errors="0" failures="0" skipped="0" tests="5" time="1.066" timestamp="2026-05-18T08:08:03.010818+00:00" hostname="agent-env-6117679e-07af-44a0-9579-12f1d1e05cad"><testcase classname="backend.tests.test_apex_generator" name="test_versions_endpoint" time="0.276" /><testcase classname="backend.tests.test_apex_generator" name="test_generate_success_242" time="0.170" /><testcase classname="backend.tests.test_apex_generator" name="test_generate_version_22_2" time="0.142" /><testcase classname="backend.tests.test_apex_generator" name="test_generate_rejects_non_zip" time="0.106" /><testcase classname="backend.tests.test_apex_generator" name="test_runs_listing_no_id_no_sql" time="0.222" /></testsuite></testsuites>